-------------------------------------------------------------------------------
Test set: com.everis.msdemo.be.service.ControlErrorServiceTest
-------------------------------------------------------------------------------
Tests run: 7, Failures: 0, Errors: 7, Skipped: 0, Time elapsed: 1.47 s <<< FAILURE! - in com.everis.msdemo.be.service.ControlErrorServiceTest
testgetErrorValidationLength  Time elapsed: 0.92 s  <<< ERROR!
java.lang.NullPointerException
	at com.everis.msdemo.be.service.ControlErrorServiceTest.testgetErrorValidationLength(ControlErrorServiceTest.java:68)

testgetErrorGenericDTOElseLength  Time elapsed: 0.003 s  <<< ERROR!
java.lang.NullPointerException
	at com.everis.msdemo.be.service.ControlErrorServiceTest.testgetErrorGenericDTOElseLength(ControlErrorServiceTest.java:163)

testgetErrorGenericDTOElse  Time elapsed: 0.003 s  <<< ERROR!
java.lang.NullPointerException
	at com.everis.msdemo.be.service.ControlErrorServiceTest.testgetErrorGenericDTOElse(ControlErrorServiceTest.java:144)

testgetErrorValidationDefault  Time elapsed: 0.516 s  <<< ERROR!
java.lang.NullPointerException
	at com.everis.msdemo.be.service.ControlErrorServiceTest.testgetErrorValidationDefault(ControlErrorServiceTest.java:49)

testgetErrorValidationNotNull  Time elapsed: 0.002 s  <<< ERROR!
java.lang.NullPointerException
	at com.everis.msdemo.be.service.ControlErrorServiceTest.testgetErrorValidationNotNull(ControlErrorServiceTest.java:87)

testgetErrorValidationPattern  Time elapsed: 0.001 s  <<< ERROR!
java.lang.NullPointerException
	at com.everis.msdemo.be.service.ControlErrorServiceTest.testgetErrorValidationPattern(ControlErrorServiceTest.java:106)

testgetErrorGenericDTO  Time elapsed: 0.008 s  <<< ERROR!
java.lang.NullPointerException
	at com.everis.msdemo.be.service.ControlErrorServiceTest.testgetErrorGenericDTO(ControlErrorServiceTest.java:125)

